0   6  x  548.09
0   68  x  137.023
0   10  x  411.068
0   27  x  205.534
0   1  x  1507.25
0   7  x  479.579
0   3  x  1301.71
0   1  x  1918.32
0   1  x  5069.83
0   23  x  274.045
0   1  x  1027.67
0   3  x  959.158
0   1  x  2740.45
0   2  x  822.135
0   11  x  342.556
0   1  x  2055.34
0   1  x  3288.54
0   1  x  1438.74
0   2  x  1575.76
0   1  x  1233.2
0   1  x  1096.18
0   1  x  2329.38
0   1  x  753.624
0   1  x  6851.13
0   2  x  616.601
0   1  x  2671.94
0   1  x  685.113
Total number of voids:           179
Total number of emptyBins:         1418
Total void vol:   83172.7
